<?xml version="1.0" encoding="UTF-8"?>
<!-- Generated by org.testng.reporters.JUnitReportReporter -->
<testsuite hostname="LAPTOP-F8VFH2TR" failures="0" tests="1" name="com.openoragehrm.employeeSearchTest" time="124.030" errors="0" timestamp="2024-01-05T17:33:16 IST" skipped="0">
  <testcase classname="com.openoragehrm.employeeSearchTest" name="selectEmployeeFromList" time="124.030"/>
</testsuite> <!-- com.openoragehrm.employeeSearchTest -->
